  Fruit.cpp
C:\Users\刘博瑞\OneDrive\桌面\大作业\Fruit\fruit\Fruit\Fruit.cpp(53,38): warning C4244: “参数”: 从“float”转换到“int”，可能丢失数据
C:\Users\刘博瑞\OneDrive\桌面\大作业\Fruit\fruit\Fruit\Fruit.cpp(53,35): warning C4244: “参数”: 从“float”转换到“int”，可能丢失数据
C:\Users\刘博瑞\OneDrive\桌面\大作业\Fruit\fruit\Fruit\Fruit.cpp(54,42): warning C4244: “参数”: 从“float”转换到“int”，可能丢失数据
C:\Users\刘博瑞\OneDrive\桌面\大作业\Fruit\fruit\Fruit\Fruit.cpp(54,39): warning C4244: “参数”: 从“float”转换到“int”，可能丢失数据
C:\Users\刘博瑞\OneDrive\桌面\大作业\Fruit\fruit\Fruit\Fruit.cpp(58,38): warning C4244: “参数”: 从“float”转换到“int”，可能丢失数据
C:\Users\刘博瑞\OneDrive\桌面\大作业\Fruit\fruit\Fruit\Fruit.cpp(58,35): warning C4244: “参数”: 从“float”转换到“int”，可能丢失数据
C:\Users\刘博瑞\OneDrive\桌面\大作业\Fruit\fruit\Fruit\Fruit.cpp(59,42): warning C4244: “参数”: 从“float”转换到“int”，可能丢失数据
C:\Users\刘博瑞\OneDrive\桌面\大作业\Fruit\fruit\Fruit\Fruit.cpp(59,39): warning C4244: “参数”: 从“float”转换到“int”，可能丢失数据
C:\Users\刘博瑞\OneDrive\桌面\大作业\Fruit\fruit\Fruit\Fruit.cpp(63,38): warning C4244: “参数”: 从“float”转换到“int”，可能丢失数据
C:\Users\刘博瑞\OneDrive\桌面\大作业\Fruit\fruit\Fruit\Fruit.cpp(63,35): warning C4244: “参数”: 从“float”转换到“int”，可能丢失数据
C:\Users\刘博瑞\OneDrive\桌面\大作业\Fruit\fruit\Fruit\Fruit.cpp(64,42): warning C4244: “参数”: 从“float”转换到“int”，可能丢失数据
C:\Users\刘博瑞\OneDrive\桌面\大作业\Fruit\fruit\Fruit\Fruit.cpp(64,39): warning C4244: “参数”: 从“float”转换到“int”，可能丢失数据
C:\Users\刘博瑞\OneDrive\桌面\大作业\Fruit\fruit\Fruit\Fruit.cpp(68,38): warning C4244: “参数”: 从“float”转换到“int”，可能丢失数据
C:\Users\刘博瑞\OneDrive\桌面\大作业\Fruit\fruit\Fruit\Fruit.cpp(68,35): warning C4244: “参数”: 从“float”转换到“int”，可能丢失数据
C:\Users\刘博瑞\OneDrive\桌面\大作业\Fruit\fruit\Fruit\Fruit.cpp(80,32): warning C4244: “=”: 从“double”转换到“float”，可能丢失数据
C:\Users\刘博瑞\OneDrive\桌面\大作业\Fruit\fruit\Fruit\Fruit.cpp(83,31): warning C4244: “=”: 从“double”转换到“float”，可能丢失数据
C:\Users\刘博瑞\OneDrive\桌面\大作业\Fruit\fruit\Fruit\Fruit.cpp(84,27): warning C4244: “=”: 从“double”转换到“float”，可能丢失数据
C:\Users\刘博瑞\OneDrive\桌面\大作业\Fruit\fruit\Fruit\Fruit.cpp(88,1): warning C4305: “*=”: 从“double”到“float”截断
C:\Users\刘博瑞\OneDrive\桌面\大作业\Fruit\fruit\Fruit\Fruit.cpp(89,1): warning C4305: “*=”: 从“double”到“float”截断
C:\Users\刘博瑞\OneDrive\桌面\大作业\Fruit\fruit\Fruit\Fruit.cpp(123,32): warning C4305: “参数”: 从“double”到“float”截断
  Fruit.vcxproj -> C:\Users\刘博瑞\OneDrive\桌面\大作业\Fruit\fruit\x64\Debug\Fruit.exe
